# JRE version: OpenJDK Runtime Environment (11.0.10) (build 11.0.10+0-b96-7249189)
# Java VM: OpenJDK 64-Bit Server VM (11.0.10+0-b96-7249189, mixed mode, tiered, compressed oops, g1 gc, windows-amd64)
Heap:
 garbage-first heap   total 251904K, used 166799K [0x0000000080000000, 0x0000000100000000)
  region size 1024K, 84 young (86016K), 12 survivors (12288K)
 Metaspace       used 104242K, capacity 107044K, committed 107300K, reserved 1142784K
  class space    used 13000K, capacity 14044K, committed 14080K, reserved 1048576K
GC Heap History (20 events):
Event: 1.831 GC heap before
{Heap before GC invocations=4 (full 0):
 garbage-first heap   total 251904K, used 82531K [0x0000000080000000, 0x0000000100000000)
  region size 1024K, 66 young (67584K), 3 survivors (3072K)
 Metaspace       used 34856K, capacity 35662K, committed 35708K, reserved 1081344K
  class space    used 4525K, capacity 4832K, committed 4864K, reserved 1048576K
}
Event: 1.835 GC heap after
{Heap after GC invocations=5 (full 0):
 garbage-first heap   total 251904K, used 22325K [0x0000000080000000, 0x0000000100000000)
  region size 1024K, 6 young (6144K), 6 survivors (6144K)
 Metaspace       used 34856K, capacity 35662K, committed 35708K, reserved 1081344K
  class space    used 4525K, capacity 4832K, committed 4864K, reserved 1048576K
}
Event: 2.484 GC heap before
{Heap before GC invocations=6 (full 0):
 garbage-first heap   total 251904K, used 147253K [0x0000000080000000, 0x0000000100000000)
  region size 1024K, 125 young (128000K), 6 survivors (6144K)
 Metaspace       used 44895K, capacity 45968K, committed 46332K, reserved 1089536K
  class space    used 5750K, capacity 6147K, committed 6272K, reserved 1048576K
}
Event: 2.489 GC heap after
{Heap after GC invocations=7 (full 0):
 garbage-first heap   total 251904K, used 29491K [0x0000000080000000, 0x0000000100000000)
  region size 1024K, 13 young (13312K), 13 survivors (13312K)
 Metaspace       used 44895K, capacity 45968K, committed 46332K, reserved 1089536K
  class space    used 5750K, capacity 6147K, committed 6272K, reserved 1048576K
}
Event: 3.416 GC heap before
{Heap before GC invocations=7 (full 0):
 garbage-first heap   total 251904K, used 174899K [0x0000000080000000, 0x0000000100000000)
  region size 1024K, 147 young (150528K), 13 survivors (13312K)
 Metaspace       used 58021K, capacity 59437K, committed 59772K, reserved 1101824K
  class space    used 7286K, capacity 7812K, committed 7936K, reserved 1048576K
}
Event: 3.425 GC heap after
{Heap after GC invocations=8 (full 0):
 garbage-first heap   total 251904K, used 48651K [0x0000000080000000, 0x0000000100000000)
  region size 1024K, 19 young (19456K), 19 survivors (19456K)
 Metaspace       used 58021K, capacity 59437K, committed 59772K, reserved 1101824K
  class space    used 7286K, capacity 7812K, committed 7936K, reserved 1048576K
}
Event: 3.445 GC heap before
{Heap before GC invocations=8 (full 0):
 garbage-first heap   total 251904K, used 50699K [0x0000000080000000, 0x0000000100000000)
  region size 1024K, 22 young (22528K), 19 survivors (19456K)
 Metaspace       used 58449K, capacity 59847K, committed 59940K, reserved 1101824K
  class space    used 7344K, capacity 7885K, committed 7936K, reserved 1048576K
}
Event: 3.457 GC heap after
{Heap after GC invocations=9 (full 0):
 garbage-first heap   total 251904K, used 50662K [0x0000000080000000, 0x0000000100000000)
  region size 1024K, 3 young (3072K), 3 survivors (3072K)
 Metaspace       used 58449K, capacity 59847K, committed 59940K, reserved 1101824K
  class space    used 7344K, capacity 7885K, committed 7936K, reserved 1048576K
}
Event: 4.389 GC heap before
{Heap before GC invocations=10 (full 0):
 garbage-first heap   total 251904K, used 195046K [0x0000000080000000, 0x0000000100000000)
  region size 1024K, 144 young (147456K), 3 survivors (3072K)
 Metaspace       used 71461K, capacity 73138K, committed 73380K, reserved 1114112K
  class space    used 9125K, capacity 9761K, committed 9856K, reserved 1048576K
}
Event: 4.398 GC heap after
{Heap after GC invocations=11 (full 0):
 garbage-first heap   total 251904K, used 59578K [0x0000000080000000, 0x0000000100000000)
  region size 1024K, 11 young (11264K), 11 survivors (11264K)
 Metaspace       used 71461K, capacity 73138K, committed 73380K, reserved 1114112K
  class space    used 9125K, capacity 9761K, committed 9856K, reserved 1048576K
}
Event: 5.341 GC heap before
{Heap before GC invocations=12 (full 0):
 garbage-first heap   total 251904K, used 194746K [0x0000000080000000, 0x0000000100000000)
  region size 1024K, 144 young (147456K), 11 survivors (11264K)
 Metaspace       used 85017K, capacity 86927K, committed 87204K, reserved 1124352K
  class space    used 10851K, capacity 11568K, committed 11648K, reserved 1048576K
}
Event: 5.351 GC heap after
{Heap after GC invocations=13 (full 0):
 garbage-first heap   total 251904K, used 70715K [0x0000000080000000, 0x0000000100000000)
  region size 1024K, 11 young (11264K), 11 survivors (11264K)
 Metaspace       used 85017K, capacity 86927K, committed 87204K, reserved 1124352K
  class space    used 10851K, capacity 11568K, committed 11648K, reserved 1048576K
}
Event: 5.882 GC heap before
{Heap before GC invocations=13 (full 0):
 garbage-first heap   total 251904K, used 196667K [0x0000000080000000, 0x0000000100000000)
  region size 1024K, 134 young (137216K), 11 survivors (11264K)
 Metaspace       used 89636K, capacity 92177K, committed 92452K, reserved 1130496K
  class space    used 11521K, capacity 12482K, committed 12544K, reserved 1048576K
}
Event: 5.890 GC heap after
{Heap after GC invocations=14 (full 0):
 garbage-first heap   total 251904K, used 77592K [0x0000000080000000, 0x0000000100000000)
  region size 1024K, 7 young (7168K), 7 survivors (7168K)
 Metaspace       used 89636K, capacity 92177K, committed 92452K, reserved 1130496K
  class space    used 11521K, capacity 12482K, committed 12544K, reserved 1048576K
}
Event: 6.327 GC heap before
{Heap before GC invocations=14 (full 0):
 garbage-first heap   total 251904K, used 200472K [0x0000000080000000, 0x0000000100000000)
  region size 1024K, 127 young (130048K), 7 survivors (7168K)
 Metaspace       used 93221K, capacity 95782K, committed 96036K, reserved 1132544K
  class space    used 11960K, capacity 12945K, committed 13056K, reserved 1048576K
}
Event: 6.333 GC heap after
{Heap after GC invocations=15 (full 0):
 garbage-first heap   total 251904K, used 83736K [0x0000000080000000, 0x0000000100000000)
  region size 1024K, 13 young (13312K), 13 survivors (13312K)
 Metaspace       used 93221K, capacity 95782K, committed 96036K, reserved 1132544K
  class space    used 11960K, capacity 12945K, committed 13056K, reserved 1048576K
}
Event: 7.419 GC heap before
{Heap before GC invocations=15 (full 0):
 garbage-first heap   total 251904K, used 201496K [0x0000000080000000, 0x0000000100000000)
  region size 1024K, 129 young (132096K), 13 survivors (13312K)
 Metaspace       used 97755K, capacity 100410K, committed 100516K, reserved 1136640K
  class space    used 12469K, capacity 13427K, committed 13440K, reserved 1048576K
}
Event: 7.429 GC heap after
{Heap after GC invocations=16 (full 0):
 garbage-first heap   total 251904K, used 91374K [0x0000000080000000, 0x0000000100000000)
  region size 1024K, 15 young (15360K), 15 survivors (15360K)
 Metaspace       used 97755K, capacity 100410K, committed 100516K, reserved 1136640K
  class space    used 12469K, capacity 13427K, committed 13440K, reserved 1048576K
}
Event: 1555.076 GC heap before
{Heap before GC invocations=16 (full 0):
 garbage-first heap   total 251904K, used 212206K [0x0000000080000000, 0x0000000100000000)
  region size 1024K, 124 young (126976K), 15 survivors (15360K)
 Metaspace       used 103705K, capacity 106537K, committed 106788K, reserved 1142784K
  class space    used 12984K, capacity 14020K, committed 14080K, reserved 1048576K
}
Event: 1555.084 GC heap after
{Heap after GC invocations=17 (full 0):
 garbage-first heap   total 251904K, used 95119K [0x0000000080000000, 0x0000000100000000)
  region size 1024K, 12 young (12288K), 12 survivors (12288K)
 Metaspace       used 103705K, capacity 106537K, committed 106788K, reserved 1142784K
  class space    used 12984K, capacity 14020K, committed 14080K, reserved 1048576K
}

