# JRE version: OpenJDK Runtime Environment (11.0.10) (build 11.0.10+0-b96-7249189)
# Java VM: OpenJDK 64-Bit Server VM (11.0.10+0-b96-7249189, mixed mode, tiered, compressed oops, g1 gc, windows-amd64)
Heap:
 garbage-first heap   total 303104K, used 221591K [0x0000000080000000, 0x0000000100000000)
  region size 1024K, 110 young (112640K), 8 survivors (8192K)
 Metaspace       used 120102K, capacity 124087K, committed 124312K, reserved 1157120K
  class space    used 15199K, capacity 16660K, committed 16768K, reserved 1048576K
GC Heap History (20 events):
Event: 5.234 GC heap before
{Heap before GC invocations=13 (full 0):
 garbage-first heap   total 251904K, used 165463K [0x0000000080000000, 0x0000000100000000)
  region size 1024K, 108 young (110592K), 7 survivors (7168K)
 Metaspace       used 86737K, capacity 89147K, committed 89252K, reserved 1126400K
  class space    used 11230K, capacity 12151K, committed 12160K, reserved 1048576K
}
Event: 5.243 GC heap after
{Heap after GC invocations=14 (full 0):
 garbage-first heap   total 251904K, used 71793K [0x0000000080000000, 0x0000000100000000)
  region size 1024K, 14 young (14336K), 14 survivors (14336K)
 Metaspace       used 86737K, capacity 89147K, committed 89252K, reserved 1126400K
  class space    used 11230K, capacity 12151K, committed 12160K, reserved 1048576K
}
Event: 5.626 GC heap before
{Heap before GC invocations=14 (full 0):
 garbage-first heap   total 251904K, used 173169K [0x0000000080000000, 0x0000000100000000)
  region size 1024K, 114 young (116736K), 14 survivors (14336K)
 Metaspace       used 87777K, capacity 90331K, committed 90404K, reserved 1128448K
  class space    used 11285K, capacity 12249K, committed 12288K, reserved 1048576K
}
Event: 5.637 GC heap after
{Heap after GC invocations=15 (full 0):
 garbage-first heap   total 251904K, used 78914K [0x0000000080000000, 0x0000000100000000)
  region size 1024K, 7 young (7168K), 7 survivors (7168K)
 Metaspace       used 87777K, capacity 90331K, committed 90404K, reserved 1128448K
  class space    used 11285K, capacity 12249K, committed 12288K, reserved 1048576K
}
Event: 6.170 GC heap before
{Heap before GC invocations=15 (full 0):
 garbage-first heap   total 251904K, used 180290K [0x0000000080000000, 0x0000000100000000)
  region size 1024K, 107 young (109568K), 7 survivors (7168K)
 Metaspace       used 93970K, capacity 96510K, committed 96676K, reserved 1132544K
  class space    used 12081K, capacity 13061K, committed 13184K, reserved 1048576K
}
Event: 6.176 GC heap after
{Heap after GC invocations=16 (full 0):
 garbage-first heap   total 303104K, used 83815K [0x0000000080000000, 0x0000000100000000)
  region size 1024K, 12 young (12288K), 12 survivors (12288K)
 Metaspace       used 93970K, capacity 96510K, committed 96676K, reserved 1132544K
  class space    used 12081K, capacity 13061K, committed 13184K, reserved 1048576K
}
Event: 11.576 GC heap before
{Heap before GC invocations=16 (full 0):
 garbage-first heap   total 303104K, used 205671K [0x0000000080000000, 0x0000000100000000)
  region size 1024K, 132 young (135168K), 12 survivors (12288K)
 Metaspace       used 106166K, capacity 109393K, committed 109476K, reserved 1144832K
  class space    used 13966K, capacity 15191K, committed 15232K, reserved 1048576K
}
Event: 11.584 GC heap after
{Heap after GC invocations=17 (full 0):
 garbage-first heap   total 303104K, used 89303K [0x0000000080000000, 0x0000000100000000)
  region size 1024K, 12 young (12288K), 12 survivors (12288K)
 Metaspace       used 106166K, capacity 109393K, committed 109476K, reserved 1144832K
  class space    used 13966K, capacity 15191K, committed 15232K, reserved 1048576K
}
Event: 12.097 GC heap before
{Heap before GC invocations=17 (full 0):
 garbage-first heap   total 303104K, used 158935K [0x0000000080000000, 0x0000000100000000)
  region size 1024K, 73 young (74752K), 12 survivors (12288K)
 Metaspace       used 111384K, capacity 114899K, committed 115048K, reserved 1148928K
  class space    used 14758K, capacity 16132K, committed 16256K, reserved 1048576K
}
Event: 12.105 GC heap after
{Heap after GC invocations=18 (full 0):
 garbage-first heap   total 303104K, used 93252K [0x0000000080000000, 0x0000000100000000)
  region size 1024K, 10 young (10240K), 10 survivors (10240K)
 Metaspace       used 111384K, capacity 114899K, committed 115048K, reserved 1148928K
  class space    used 14758K, capacity 16132K, committed 16256K, reserved 1048576K
}
Event: 545.464 GC heap before
{Heap before GC invocations=19 (full 0):
 garbage-first heap   total 303104K, used 222276K [0x0000000080000000, 0x0000000100000000)
  region size 1024K, 137 young (140288K), 10 survivors (10240K)
 Metaspace       used 115303K, capacity 118544K, committed 119448K, reserved 1153024K
  class space    used 14886K, capacity 16135K, committed 16512K, reserved 1048576K
}
Event: 545.489 GC heap after
{Heap after GC invocations=20 (full 0):
 garbage-first heap   total 303104K, used 103424K [0x0000000080000000, 0x0000000100000000)
  region size 1024K, 18 young (18432K), 18 survivors (18432K)
 Metaspace       used 115303K, capacity 118544K, committed 119448K, reserved 1153024K
  class space    used 14886K, capacity 16135K, committed 16512K, reserved 1048576K
}
Event: 583.094 GC heap before
{Heap before GC invocations=21 (full 0):
 garbage-first heap   total 303104K, used 250879K [0x0000000080000000, 0x0000000100000000)
  region size 1024K, 145 young (148480K), 18 survivors (18432K)
 Metaspace       used 116619K, capacity 119864K, committed 120728K, reserved 1153024K
  class space    used 14941K, capacity 16187K, committed 16512K, reserved 1048576K
}
Event: 583.106 GC heap after
{Heap after GC invocations=22 (full 0):
 garbage-first heap   total 303104K, used 110874K [0x0000000080000000, 0x0000000100000000)
  region size 1024K, 9 young (9216K), 9 survivors (9216K)
 Metaspace       used 116619K, capacity 119864K, committed 120728K, reserved 1153024K
  class space    used 14941K, capacity 16187K, committed 16512K, reserved 1048576K
}
Event: 1324.672 GC heap before
{Heap before GC invocations=22 (full 0):
 garbage-first heap   total 303104K, used 246042K [0x0000000080000000, 0x0000000100000000)
  region size 1024K, 133 young (136192K), 9 survivors (9216K)
 Metaspace       used 117476K, capacity 120792K, committed 121240K, reserved 1155072K
  class space    used 14966K, capacity 16232K, committed 16512K, reserved 1048576K
}
Event: 1324.674 GC heap after
{Heap after GC invocations=23 (full 0):
 garbage-first heap   total 303104K, used 105080K [0x0000000080000000, 0x0000000100000000)
  region size 1024K, 3 young (3072K), 3 survivors (3072K)
 Metaspace       used 117476K, capacity 120792K, committed 121240K, reserved 1155072K
  class space    used 14966K, capacity 16232K, committed 16512K, reserved 1048576K
}
Event: 1400.583 GC heap before
{Heap before GC invocations=23 (full 0):
 garbage-first heap   total 303104K, used 247416K [0x0000000080000000, 0x0000000100000000)
  region size 1024K, 134 young (137216K), 3 survivors (3072K)
 Metaspace       used 118211K, capacity 121601K, committed 122008K, reserved 1155072K
  class space    used 14982K, capacity 16260K, committed 16512K, reserved 1048576K
}
Event: 1400.586 GC heap after
{Heap after GC invocations=24 (full 0):
 garbage-first heap   total 303104K, used 107807K [0x0000000080000000, 0x0000000100000000)
  region size 1024K, 6 young (6144K), 6 survivors (6144K)
 Metaspace       used 118211K, capacity 121601K, committed 122008K, reserved 1155072K
  class space    used 14982K, capacity 16260K, committed 16512K, reserved 1048576K
}
Event: 1421.627 GC heap before
{Heap before GC invocations=24 (full 0):
 garbage-first heap   total 303104K, used 252191K [0x0000000080000000, 0x0000000100000000)
  region size 1024K, 139 young (142336K), 6 survivors (6144K)
 Metaspace       used 119167K, capacity 122796K, committed 123032K, reserved 1157120K
  class space    used 15066K, capacity 16414K, committed 16512K, reserved 1048576K
}
Event: 1421.632 GC heap after
{Heap after GC invocations=25 (full 0):
 garbage-first heap   total 303104K, used 109975K [0x0000000080000000, 0x0000000100000000)
  region size 1024K, 8 young (8192K), 8 survivors (8192K)
 Metaspace       used 119167K, capacity 122796K, committed 123032K, reserved 1157120K
  class space    used 15066K, capacity 16414K, committed 16512K, reserved 1048576K
}

